<?xml version="1.0" encoding="UTF-8"?>
<!-- Generated by org.testng.reporters.JUnitXMLReporter -->
<testsuite ignored="0" hostname="MINDQDSNR-PC" failures="0" tests="3" name="Default test" time="0.14" errors="0" timestamp="2023-12-15T16:18:09 IST">
  <testcase classname="framework.testng.dataprovider.Read_From_Diff_Class" name="test2" time="0.0"/>
  <testcase classname="framework.testng.dataprovider.Read_From_Diff_Class" name="test2" time="0.0"/>
  <testcase classname="framework.testng.dataprovider.Read_From_Diff_Class" name="test2" time="0.015"/>
</testsuite> <!-- Default test -->
