<?xml version="1.0" encoding="UTF-8"?>
<!-- Generated by org.testng.reporters.JUnitXMLReporter -->
<testsuite ignored="4" hostname="MINDQDSNR-PC" failures="0" tests="2" name="Test_Ignore" time="19.787" errors="0" timestamp="2023-12-14T15:23:25 IST">
  <testcase classname="framework.testng.Test_Ignore1" name="test2" time="0.016"/>
  <testcase classname="fw_TesNG.WebDriver_TestNG" name="Title" time="0.031"/>
  <testcase classname="fw_TesNG.WebDriver_TestNG" name="Verify_Signup" time="0.0">
    <ignored/>
  </testcase> <!-- Verify_Signup -->
  <testcase classname="fw_TesNG.WebDriver_TestNG" name="Verify_Messanger" time="0.0">
    <ignored/>
  </testcase> <!-- Verify_Messanger -->
  <testcase classname="fw_TesNG.WebDriver_TestNG" name="Login" time="0.0">
    <ignored/>
  </testcase> <!-- Login -->
  <testcase classname="framework.testng.Test_Ignore1" name="test1" time="0.0">
    <ignored/>
  </testcase> <!-- test1 -->
</testsuite> <!-- Test_Ignore -->
