<?xml version="1.0" encoding="UTF-8"?>
<!-- Generated by org.testng.reporters.JUnitXMLReporter -->
<testsuite ignored="5" hostname="MINDQDSNR-PC" failures="0" tests="5" name="TestC" time="0.141" errors="0" timestamp="2023-12-14T16:21:11 IST">
  <testcase classname="framework.testng.Groups.TestSuite1" name="tc001" time="0.015"/>
  <testcase classname="framework.testng.Groups.TestSuite1" name="tc002" time="0.015"/>
  <testcase classname="framework.testng.Groups.TestSuite2" name="tc006" time="0.0"/>
  <testcase classname="framework.testng.Groups.TestSuite3" name="tc007" time="0.017"/>
  <testcase classname="framework.testng.Groups.TestSuite3" name="tc009" time="0.0"/>
  <testcase classname="framework.testng.Groups.TestSuite2" name="tc005" time="0.0">
    <ignored/>
  </testcase> <!-- tc005 -->
  <testcase classname="framework.testng.Groups.TestSuite2" name="tc004" time="0.0">
    <ignored/>
  </testcase> <!-- tc004 -->
  <testcase classname="framework.testng.Groups.TestSuite1" name="tc003" time="0.0">
    <ignored/>
  </testcase> <!-- tc003 -->
  <testcase classname="framework.testng.Groups.TestSuite3" name="tc008" time="0.0">
    <ignored/>
  </testcase> <!-- tc008 -->
  <testcase classname="framework.testng.Groups.TestSuite2" name="tc0010" time="0.0">
    <ignored/>
  </testcase> <!-- tc0010 -->
</testsuite> <!-- TestC -->
