<?xml version="1.0" encoding="UTF-8"?>
<testng-results ignored="0" total="3" passed="3" failed="0" skipped="0">
  <reporter-output>
  </reporter-output>
  <suite started-at="2023-12-15T16:18:09 IST" name="Default suite" finished-at="2023-12-15T16:18:09 IST" duration-ms="140">
    <groups>
    </groups>
    <test started-at="2023-12-15T16:18:09 IST" name="Default test" finished-at="2023-12-15T16:18:09 IST" duration-ms="140">
      <class name="framework.testng.dataprovider.Read_From_Diff_Class">
        <test-method signature="test2(java.lang.String,int)[pri:0, instance:framework.testng.dataprovider.Read_From_Diff_Class@8458f04]" started-at="2023-12-15T16:18:09 IST" name="test2" data-provider="MobilePrices" finished-at="2023-12-15T16:18:09 IST" duration-ms="0" status="PASS">
          <params>
            <param index="0">
              <value>
                <![CDATA[Iphone]]>
              </value>
            </param>
            <param index="1">
              <value>
                <![CDATA[55550]]>
              </value>
            </param>
          </params>
          <reporter-output>
          </reporter-output>
        </test-method> <!-- test2 -->
        <test-method signature="test2(java.lang.String,int)[pri:0, instance:framework.testng.dataprovider.Read_From_Diff_Class@8458f04]" started-at="2023-12-15T16:18:09 IST" name="test2" data-provider="MobilePrices" finished-at="2023-12-15T16:18:09 IST" duration-ms="0" status="PASS">
          <params>
            <param index="0">
              <value>
                <![CDATA[Samsung]]>
              </value>
            </param>
            <param index="1">
              <value>
                <![CDATA[45550]]>
              </value>
            </param>
          </params>
          <reporter-output>
          </reporter-output>
        </test-method> <!-- test2 -->
        <test-method signature="test2(java.lang.String,int)[pri:0, instance:framework.testng.dataprovider.Read_From_Diff_Class@8458f04]" started-at="2023-12-15T16:18:09 IST" name="test2" data-provider="MobilePrices" finished-at="2023-12-15T16:18:09 IST" duration-ms="15" status="PASS">
          <params>
            <param index="0">
              <value>
                <![CDATA[Vivo]]>
              </value>
            </param>
            <param index="1">
              <value>
                <![CDATA[25550]]>
              </value>
            </param>
          </params>
          <reporter-output>
          </reporter-output>
        </test-method> <!-- test2 -->
      </class> <!-- framework.testng.dataprovider.Read_From_Diff_Class -->
    </test> <!-- Default test -->
  </suite> <!-- Default suite -->
</testng-results>
