<?xml version="1.0" encoding="UTF-8"?>
<!-- Generated by org.testng.reporters.JUnitReportReporter -->
<testsuite hostname="MINDQDSNR-PC" failures="0" tests="2" name="framework.testng.Test_Ignore1" time="0.016" errors="0" timestamp="2023-12-14T15:23:25 IST" skipped="1">
  <testcase classname="framework.testng.Test_Ignore1" name="test2" time="0.016">
    <system-out>
      <![CDATA[tes2 Executed]]>
    </system-out>
  </testcase> <!-- test2 -->
  <testcase classname="framework.testng.Test_Ignore1" name="test1">
    <skipped/>
  </testcase> <!-- test1 -->
  <system-out>
    <![CDATA[tes2 Executed
Title DisplayedFacebook – log in or sign up]]>
  </system-out>
</testsuite> <!-- framework.testng.Test_Ignore1 -->
